<?xml version="1.0" encoding="UTF-8"?>
<testng-results skipped="0" failed="0" ignored="0" total="1" passed="1">
  <reporter-output>
  </reporter-output>
  <suite name="Default suite" duration-ms="31879" started-at="2021-07-18T17:11:43 IST" finished-at="2021-07-18T17:12:15 IST">
    <groups>
    </groups>
    <test name="Default test" duration-ms="31879" started-at="2021-07-18T17:11:43 IST" finished-at="2021-07-18T17:12:15 IST">
      <class name="TC_001_EMT_LandingPageTest">
        <test-method status="PASS" signature="setUp()[pri:0, instance:TC_001_EMT_LandingPageTest@1afd44cb]" name="setUp" is-config="true" duration-ms="29317" started-at="2021-07-18T17:11:43 IST" finished-at="2021-07-18T17:12:12 IST">
          <reporter-output>
          </reporter-output>
        </test-method> <!-- setUp -->
        <test-method status="PASS" signature="validateTitle()[pri:0, instance:TC_001_EMT_LandingPageTest@1afd44cb]" name="validateTitle" duration-ms="686" started-at="2021-07-18T17:12:14 IST" finished-at="2021-07-18T17:12:15 IST">
          <reporter-output>
          </reporter-output>
        </test-method> <!-- validateTitle -->
      </class> <!-- TC_001_EMT_LandingPageTest -->
    </test> <!-- Default test -->
  </suite> <!-- Default suite -->
</testng-results>
